2019-03-20 16:14:13,546 [Worker-1] INFO  o.e.m.c.i.l.LifecycleMappingFactory - Using org.eclipse.m2e.jdt.JarLifecycleMapping lifecycle mapping for MavenProject: com.my.tasks:Ramandeep2008Singh:0.0.1-SNAPSHOT @ C:\Users\ramandeep.singh.nagi\git\MyProjects\MyProjects\pom.xml.
2019-03-20 16:14:14,485 [Worker-1] WARN  o.e.m.c.i.embedder.EclipseLogger - The artifact org.apache.commons:commons-io:jar:1.3.2 has been relocated to commons-io:commons-io:jar:1.3.2
2019-03-20 16:14:16,986 [Worker-1] WARN  o.e.m.c.i.embedder.EclipseLogger - Using platform encoding (Cp1252 actually) to copy filtered resources, i.e. build is platform dependent!
2019-03-20 16:14:16,994 [Worker-1] INFO  o.e.m.c.i.embedder.EclipseLogger - Copying 7 resources
2019-03-20 16:14:18,565 [Worker-1] WARN  o.e.m.c.i.embedder.EclipseLogger - Using platform encoding (Cp1252 actually) to copy filtered resources, i.e. build is platform dependent!
2019-03-20 16:14:18,568 [Worker-1] INFO  o.e.m.c.i.embedder.EclipseLogger - skip non existing resourceDirectory C:\Users\ramandeep.singh.nagi\git\MyProjects\MyProjects\src\test\resources
2019-03-20 16:14:21,405 [Worker-4] INFO  o.e.m.c.i.l.LifecycleMappingFactory - Using org.eclipse.m2e.jdt.JarLifecycleMapping lifecycle mapping for MavenProject: com.my.tasks:Ramandeep2008Singh:0.0.1-SNAPSHOT @ C:\Users\ramandeep.singh.nagi\git\MyProjects\MyProjects\pom.xml.
2019-03-20 16:14:23,648 [Worker-4] WARN  o.e.m.c.i.embedder.EclipseLogger - The artifact org.apache.commons:commons-io:jar:1.3.2 has been relocated to commons-io:commons-io:jar:1.3.2
2019-03-20 16:14:26,085 [Worker-13] WARN  o.e.m.c.i.embedder.EclipseLogger - The artifact org.apache.commons:commons-io:jar:1.3.2 has been relocated to commons-io:commons-io:jar:1.3.2
2019-03-20 16:14:26,638 [Worker-13] WARN  o.e.m.c.i.embedder.EclipseLogger - Using platform encoding (Cp1252 actually) to copy filtered resources, i.e. build is platform dependent!
2019-03-20 16:14:26,649 [Worker-13] INFO  o.e.m.c.i.embedder.EclipseLogger - Copying 0 resource
2019-03-20 16:14:26,651 [Worker-13] WARN  o.e.m.c.i.embedder.EclipseLogger - Using platform encoding (Cp1252 actually) to copy filtered resources, i.e. build is platform dependent!
2019-03-20 16:14:26,652 [Worker-13] INFO  o.e.m.c.i.embedder.EclipseLogger - skip non existing resourceDirectory C:\Users\ramandeep.singh.nagi\git\MyProjects\MyProjects\src\test\resources
2019-03-20 16:17:29,752 [Worker-20] INFO  o.e.m.c.i.p.ProjectConfigurationManager - Update started
2019-03-20 16:17:31,232 [Worker-20] INFO  o.e.m.c.i.l.LifecycleMappingFactory - Using org.eclipse.m2e.jdt.JarLifecycleMapping lifecycle mapping for MavenProject: com.my.tasks:Ramandeep2008Singh:0.0.1-SNAPSHOT @ C:\Users\ramandeep.singh.nagi\git\MyProjects\MyProjects\pom.xml.
2019-03-20 16:17:32,319 [Worker-20] WARN  o.e.m.c.i.embedder.EclipseLogger - The artifact org.apache.commons:commons-io:jar:1.3.2 has been relocated to commons-io:commons-io:jar:1.3.2
2019-03-20 16:17:33,376 [Worker-20] INFO  o.e.m.j.i.AbstractJavaProjectConfigurator - Adding source folder /Ramandeep2008Singh/src/main/java
2019-03-20 16:17:33,377 [Worker-20] INFO  o.e.m.j.i.AbstractJavaProjectConfigurator - Adding resource folder /Ramandeep2008Singh/src/main/resources
2019-03-20 16:17:33,378 [Worker-20] INFO  o.e.m.j.i.AbstractJavaProjectConfigurator - Adding source folder /Ramandeep2008Singh/src/test/java
2019-03-20 16:17:34,070 [Worker-20] INFO  o.e.m.c.i.p.ProjectConfigurationManager - Update completed: 4 sec
2019-03-20 16:17:35,458 [Worker-20] WARN  o.e.m.c.i.embedder.EclipseLogger - The artifact org.apache.commons:commons-io:jar:1.3.2 has been relocated to commons-io:commons-io:jar:1.3.2
2019-03-20 16:17:35,758 [Worker-20] WARN  o.e.m.c.i.embedder.EclipseLogger - Using platform encoding (Cp1252 actually) to copy filtered resources, i.e. build is platform dependent!
2019-03-20 16:17:35,761 [Worker-20] INFO  o.e.m.c.i.embedder.EclipseLogger - Copying 7 resources
2019-03-20 16:17:36,069 [Worker-20] WARN  o.e.m.c.i.embedder.EclipseLogger - Using platform encoding (Cp1252 actually) to copy filtered resources, i.e. build is platform dependent!
2019-03-20 16:17:36,071 [Worker-20] INFO  o.e.m.c.i.embedder.EclipseLogger - skip non existing resourceDirectory C:\Users\ramandeep.singh.nagi\git\MyProjects\MyProjects\src\test\resources
2019-03-20 16:17:51,595 [Worker-3] INFO  o.e.m.c.i.p.ProjectConfigurationManager - Update started
2019-03-20 16:17:52,995 [Worker-3] INFO  o.e.m.c.i.l.LifecycleMappingFactory - Using org.eclipse.m2e.jdt.JarLifecycleMapping lifecycle mapping for MavenProject: com.my.tasks:Ramandeep2008Singh:0.0.1-SNAPSHOT @ C:\Users\ramandeep.singh.nagi\git\MyProjects\MyProjects\pom.xml.
2019-03-20 16:17:54,164 [Worker-3] WARN  o.e.m.c.i.embedder.EclipseLogger - The artifact org.apache.commons:commons-io:jar:1.3.2 has been relocated to commons-io:commons-io:jar:1.3.2
2019-03-20 16:17:55,313 [Worker-3] INFO  o.e.m.j.i.AbstractJavaProjectConfigurator - Adding source folder /Ramandeep2008Singh/src/main/java
2019-03-20 16:17:55,314 [Worker-3] INFO  o.e.m.j.i.AbstractJavaProjectConfigurator - Adding resource folder /Ramandeep2008Singh/src/main/resources
2019-03-20 16:17:55,315 [Worker-3] INFO  o.e.m.j.i.AbstractJavaProjectConfigurator - Adding source folder /Ramandeep2008Singh/src/test/java
2019-03-20 16:17:55,911 [Worker-3] INFO  o.e.m.c.i.p.ProjectConfigurationManager - Update completed: 4 sec
2019-03-20 16:17:57,131 [Worker-3] WARN  o.e.m.c.i.embedder.EclipseLogger - The artifact org.apache.commons:commons-io:jar:1.3.2 has been relocated to commons-io:commons-io:jar:1.3.2
2019-03-20 16:17:57,439 [Worker-3] WARN  o.e.m.c.i.embedder.EclipseLogger - Using platform encoding (Cp1252 actually) to copy filtered resources, i.e. build is platform dependent!
2019-03-20 16:17:57,442 [Worker-3] INFO  o.e.m.c.i.embedder.EclipseLogger - Copying 7 resources
2019-03-20 16:17:57,755 [Worker-3] WARN  o.e.m.c.i.embedder.EclipseLogger - Using platform encoding (Cp1252 actually) to copy filtered resources, i.e. build is platform dependent!
2019-03-20 16:17:57,756 [Worker-3] INFO  o.e.m.c.i.embedder.EclipseLogger - skip non existing resourceDirectory C:\Users\ramandeep.singh.nagi\git\MyProjects\MyProjects\src\test\resources
2019-03-20 16:18:23,525 [Worker-20] WARN  o.e.m.c.i.embedder.EclipseLogger - Using platform encoding (Cp1252 actually) to copy filtered resources, i.e. build is platform dependent!
2019-03-20 16:18:23,622 [Worker-20] INFO  o.e.m.c.i.embedder.EclipseLogger - Copying 7 resources
2019-03-20 16:18:24,009 [Worker-20] WARN  o.e.m.c.i.embedder.EclipseLogger - Using platform encoding (Cp1252 actually) to copy filtered resources, i.e. build is platform dependent!
2019-03-20 16:18:24,012 [Worker-20] INFO  o.e.m.c.i.embedder.EclipseLogger - skip non existing resourceDirectory C:\Users\ramandeep.singh.nagi\git\MyProjects\MyProjects\src\test\resources
2019-03-20 16:18:30,661 [Worker-24] INFO  o.e.m.c.i.p.ProjectConfigurationManager - Update started
2019-03-20 16:18:32,093 [Worker-24] INFO  o.e.m.c.i.l.LifecycleMappingFactory - Using org.eclipse.m2e.jdt.JarLifecycleMapping lifecycle mapping for MavenProject: com.my.tasks:Ramandeep2008Singh:0.0.1-SNAPSHOT @ C:\Users\ramandeep.singh.nagi\git\MyProjects\MyProjects\pom.xml.
2019-03-20 16:18:33,081 [Worker-24] WARN  o.e.m.c.i.embedder.EclipseLogger - The artifact org.apache.commons:commons-io:jar:1.3.2 has been relocated to commons-io:commons-io:jar:1.3.2
2019-03-20 16:18:34,479 [Worker-24] INFO  o.e.m.j.i.AbstractJavaProjectConfigurator - Adding source folder /Ramandeep2008Singh/src/main/java
2019-03-20 16:18:34,480 [Worker-24] INFO  o.e.m.j.i.AbstractJavaProjectConfigurator - Adding resource folder /Ramandeep2008Singh/src/main/resources
2019-03-20 16:18:34,481 [Worker-24] INFO  o.e.m.j.i.AbstractJavaProjectConfigurator - Adding source folder /Ramandeep2008Singh/src/test/java
2019-03-20 16:18:35,144 [Worker-24] INFO  o.e.m.c.i.p.ProjectConfigurationManager - Update completed: 4 sec
2019-03-20 16:18:37,542 [Worker-3] WARN  o.e.m.c.i.embedder.EclipseLogger - The artifact org.apache.commons:commons-io:jar:1.3.2 has been relocated to commons-io:commons-io:jar:1.3.2
2019-03-20 16:18:37,908 [Worker-3] WARN  o.e.m.c.i.embedder.EclipseLogger - Using platform encoding (Cp1252 actually) to copy filtered resources, i.e. build is platform dependent!
2019-03-20 16:18:37,911 [Worker-3] INFO  o.e.m.c.i.embedder.EclipseLogger - Copying 7 resources
2019-03-20 16:18:38,255 [Worker-3] WARN  o.e.m.c.i.embedder.EclipseLogger - Using platform encoding (Cp1252 actually) to copy filtered resources, i.e. build is platform dependent!
2019-03-20 16:18:38,256 [Worker-3] INFO  o.e.m.c.i.embedder.EclipseLogger - skip non existing resourceDirectory C:\Users\ramandeep.singh.nagi\git\MyProjects\MyProjects\src\test\resources
2019-03-20 16:18:52,382 [Worker-14] WARN  o.e.m.c.i.embedder.EclipseLogger - Using platform encoding (Cp1252 actually) to copy filtered resources, i.e. build is platform dependent!
2019-03-20 16:18:52,391 [Worker-14] INFO  o.e.m.c.i.embedder.EclipseLogger - Copying 0 resource
2019-03-20 16:18:52,393 [Worker-14] WARN  o.e.m.c.i.embedder.EclipseLogger - Using platform encoding (Cp1252 actually) to copy filtered resources, i.e. build is platform dependent!
2019-03-20 16:18:52,396 [Worker-14] INFO  o.e.m.c.i.embedder.EclipseLogger - skip non existing resourceDirectory C:\Users\ramandeep.singh.nagi\git\MyProjects\MyProjects\src\test\resources
2019-03-20 16:19:02,881 [Worker-21] WARN  o.e.m.c.i.embedder.EclipseLogger - Using platform encoding (Cp1252 actually) to copy filtered resources, i.e. build is platform dependent!
2019-03-20 16:19:02,889 [Worker-21] INFO  o.e.m.c.i.embedder.EclipseLogger - Copying 7 resources
2019-03-20 16:19:02,896 [Worker-21] WARN  o.e.m.c.i.embedder.EclipseLogger - Using platform encoding (Cp1252 actually) to copy filtered resources, i.e. build is platform dependent!
2019-03-20 16:19:02,898 [Worker-21] INFO  o.e.m.c.i.embedder.EclipseLogger - skip non existing resourceDirectory C:\Users\ramandeep.singh.nagi\git\MyProjects\MyProjects\src\test\resources
2019-03-20 16:19:14,651 [Worker-20] WARN  o.e.m.c.i.embedder.EclipseLogger - Using platform encoding (Cp1252 actually) to copy filtered resources, i.e. build is platform dependent!
2019-03-20 16:19:14,658 [Worker-20] INFO  o.e.m.c.i.embedder.EclipseLogger - Copying 7 resources
2019-03-20 16:19:14,664 [Worker-20] WARN  o.e.m.c.i.embedder.EclipseLogger - Using platform encoding (Cp1252 actually) to copy filtered resources, i.e. build is platform dependent!
2019-03-20 16:19:14,666 [Worker-20] INFO  o.e.m.c.i.embedder.EclipseLogger - skip non existing resourceDirectory C:\Users\ramandeep.singh.nagi\git\MyProjects\MyProjects\src\test\resources
2019-03-20 17:06:49,285 [Worker-33] INFO  o.e.m.c.i.e.AbstractTransferListenerAdapter - Downloading https://repo.maven.apache.org/maven2/io/github/bonigarcia/webdrivermanager/3.3.0/webdrivermanager-3.3.0-sources.jar
2019-03-20 17:06:49,732 [Worker-33] INFO  o.e.m.c.i.e.AbstractTransferListenerAdapter - Downloaded https://repo.maven.apache.org/maven2/io/github/bonigarcia/webdrivermanager/3.3.0/webdrivermanager-3.3.0-sources.jar
2019-03-20 17:06:50,006 [Worker-33] INFO  o.e.m.j.internal.DownloadSourcesJob - Downloaded sources for io.github.bonigarcia:webdrivermanager:3.3.0
2019-03-20 17:06:50,580 [Worker-20] WARN  o.e.m.c.i.embedder.EclipseLogger - Using platform encoding (Cp1252 actually) to copy filtered resources, i.e. build is platform dependent!
2019-03-20 17:06:50,582 [Worker-20] INFO  o.e.m.c.i.embedder.EclipseLogger - Copying 0 resource
2019-03-20 17:06:50,586 [Worker-20] WARN  o.e.m.c.i.embedder.EclipseLogger - Using platform encoding (Cp1252 actually) to copy filtered resources, i.e. build is platform dependent!
2019-03-20 17:06:50,587 [Worker-20] INFO  o.e.m.c.i.embedder.EclipseLogger - skip non existing resourceDirectory C:\Users\ramandeep.singh.nagi\git\MyProjects\MyProjects\src\test\resources
2019-03-21 12:28:50,754 [Worker-118] INFO  o.e.m.c.i.l.LifecycleMappingFactory - Using org.eclipse.m2e.jdt.JarLifecycleMapping lifecycle mapping for MavenProject: com.practice.NewFramework:MyFramework:0.0.1-SNAPSHOT @ C:\Users\ramandeep.singh.nagi\Documents\CCB_Last_Data\Personal\workspace\MyFramework\pom.xml.
2019-03-21 12:28:51,057 [Worker-118] INFO  o.e.m.j.i.AbstractJavaProjectConfigurator - Adding source folder /MyFramework/src/main/java
2019-03-21 12:28:51,058 [Worker-118] INFO  o.e.m.j.i.AbstractJavaProjectConfigurator - Adding resource folder /MyFramework/src/main/resources
2019-03-21 12:28:51,059 [Worker-118] INFO  o.e.m.j.i.AbstractJavaProjectConfigurator - Adding source folder /MyFramework/src/test/java
2019-03-21 12:28:51,059 [Worker-118] INFO  o.e.m.j.i.AbstractJavaProjectConfigurator - Adding resource folder /MyFramework/src/test/resources
2019-03-21 12:28:52,026 [Worker-118] WARN  o.e.m.c.i.embedder.EclipseLogger - Using platform encoding (Cp1252 actually) to copy filtered resources, i.e. build is platform dependent!
2019-03-21 12:28:52,041 [Worker-118] INFO  o.e.m.c.i.embedder.EclipseLogger - Copying 0 resource
2019-03-21 12:28:52,043 [Worker-118] WARN  o.e.m.c.i.embedder.EclipseLogger - Using platform encoding (Cp1252 actually) to copy filtered resources, i.e. build is platform dependent!
2019-03-21 12:28:52,045 [Worker-118] INFO  o.e.m.c.i.embedder.EclipseLogger - Copying 0 resource
2019-03-21 12:29:14,832 [Worker-124] WARN  o.e.m.c.i.embedder.EclipseLogger - Using platform encoding (Cp1252 actually) to copy filtered resources, i.e. build is platform dependent!
2019-03-21 12:29:14,835 [Worker-124] INFO  o.e.m.c.i.embedder.EclipseLogger - Copying 0 resource
2019-03-21 12:29:14,838 [Worker-124] WARN  o.e.m.c.i.embedder.EclipseLogger - Using platform encoding (Cp1252 actually) to copy filtered resources, i.e. build is platform dependent!
2019-03-21 12:29:14,841 [Worker-124] INFO  o.e.m.c.i.embedder.EclipseLogger - Copying 0 resource
2019-03-21 12:29:50,485 [Worker-118] INFO  o.e.m.c.i.l.LifecycleMappingFactory - Using org.eclipse.m2e.jdt.JarLifecycleMapping lifecycle mapping for MavenProject: com.practice.NewFramework:MyFramework:0.0.1-SNAPSHOT @ C:\Users\ramandeep.singh.nagi\Documents\CCB_Last_Data\Personal\workspace\MyFramework\pom.xml.
2019-03-21 12:29:52,260 [Worker-118] INFO  o.e.m.c.i.e.AbstractTransferListenerAdapter - Downloading https://repo.maven.apache.org/maven2/com/google/code/gson/gson/2.8.5/gson-2.8.5.jar
2019-03-21 12:29:53,585 [Worker-118] INFO  o.e.m.c.i.e.AbstractTransferListenerAdapter - Downloaded https://repo.maven.apache.org/maven2/com/google/code/gson/gson/2.8.5/gson-2.8.5.jar
2019-03-21 12:29:53,762 [Worker-118] INFO  o.e.m.c.i.e.AbstractTransferListenerAdapter - Downloading https://repo.maven.apache.org/maven2/org/apache/commons/commons-lang3/3.8.1/commons-lang3-3.8.1.jar
2019-03-21 12:29:56,022 [Worker-118] INFO  o.e.m.c.i.e.AbstractTransferListenerAdapter - Downloaded https://repo.maven.apache.org/maven2/org/apache/commons/commons-lang3/3.8.1/commons-lang3-3.8.1.jar
2019-03-21 12:29:56,185 [Worker-118] INFO  o.e.m.c.i.e.AbstractTransferListenerAdapter - Downloading https://repo.maven.apache.org/maven2/org/apache/httpcomponents/httpclient/4.5.6/httpclient-4.5.6.jar
2019-03-21 12:30:02,108 [Worker-118] INFO  o.e.m.c.i.e.AbstractTransferListenerAdapter - Downloaded https://repo.maven.apache.org/maven2/org/apache/httpcomponents/httpclient/4.5.6/httpclient-4.5.6.jar
2019-03-21 12:30:02,265 [Worker-118] INFO  o.e.m.c.i.e.AbstractTransferListenerAdapter - Downloading https://repo.maven.apache.org/maven2/org/apache/httpcomponents/httpcore/4.4.10/httpcore-4.4.10.jar
2019-03-21 12:30:05,261 [Worker-118] INFO  o.e.m.c.i.e.AbstractTransferListenerAdapter - Downloaded https://repo.maven.apache.org/maven2/org/apache/httpcomponents/httpcore/4.4.10/httpcore-4.4.10.jar
2019-03-21 12:30:06,413 [Worker-118] WARN  o.e.m.c.i.embedder.EclipseLogger - Using platform encoding (Cp1252 actually) to copy filtered resources, i.e. build is platform dependent!
2019-03-21 12:30:06,416 [Worker-118] INFO  o.e.m.c.i.embedder.EclipseLogger - Copying 0 resource
2019-03-21 12:30:06,418 [Worker-118] WARN  o.e.m.c.i.embedder.EclipseLogger - Using platform encoding (Cp1252 actually) to copy filtered resources, i.e. build is platform dependent!
2019-03-21 12:30:06,421 [Worker-118] INFO  o.e.m.c.i.embedder.EclipseLogger - Copying 0 resource
2019-03-21 12:30:08,048 [Worker-127] WARN  o.e.m.c.i.embedder.EclipseLogger - Using platform encoding (Cp1252 actually) to copy filtered resources, i.e. build is platform dependent!
2019-03-21 12:30:08,050 [Worker-127] INFO  o.e.m.c.i.embedder.EclipseLogger - Copying 0 resource
2019-03-21 12:30:08,051 [Worker-127] WARN  o.e.m.c.i.embedder.EclipseLogger - Using platform encoding (Cp1252 actually) to copy filtered resources, i.e. build is platform dependent!
2019-03-21 12:30:08,052 [Worker-127] INFO  o.e.m.c.i.embedder.EclipseLogger - Copying 0 resource
2019-03-21 12:31:38,091 [Worker-123] INFO  o.e.m.c.i.l.LifecycleMappingFactory - Using org.eclipse.m2e.jdt.JarLifecycleMapping lifecycle mapping for MavenProject: com.practice.NewFramework:MyFramework:0.0.1-SNAPSHOT @ C:\Users\ramandeep.singh.nagi\Documents\CCB_Last_Data\Personal\workspace\MyFramework\pom.xml.
2019-03-21 12:31:39,621 [Worker-123] WARN  o.e.m.c.i.embedder.EclipseLogger - Using platform encoding (Cp1252 actually) to copy filtered resources, i.e. build is platform dependent!
2019-03-21 12:31:39,623 [Worker-123] INFO  o.e.m.c.i.embedder.EclipseLogger - Copying 0 resource
2019-03-21 12:31:39,625 [Worker-123] WARN  o.e.m.c.i.embedder.EclipseLogger - Using platform encoding (Cp1252 actually) to copy filtered resources, i.e. build is platform dependent!
2019-03-21 12:31:39,626 [Worker-123] INFO  o.e.m.c.i.embedder.EclipseLogger - Copying 0 resource
2019-03-21 12:31:41,468 [Worker-123] WARN  o.e.m.c.i.embedder.EclipseLogger - Using platform encoding (Cp1252 actually) to copy filtered resources, i.e. build is platform dependent!
2019-03-21 12:31:41,470 [Worker-123] INFO  o.e.m.c.i.embedder.EclipseLogger - Copying 0 resource
2019-03-21 12:31:41,472 [Worker-123] WARN  o.e.m.c.i.embedder.EclipseLogger - Using platform encoding (Cp1252 actually) to copy filtered resources, i.e. build is platform dependent!
2019-03-21 12:31:41,474 [Worker-123] INFO  o.e.m.c.i.embedder.EclipseLogger - Copying 0 resource
2019-03-21 12:31:48,947 [Worker-123] INFO  o.e.m.c.i.l.LifecycleMappingFactory - Using org.eclipse.m2e.jdt.JarLifecycleMapping lifecycle mapping for MavenProject: com.practice.NewFramework:MyFramework:0.0.1-SNAPSHOT @ C:\Users\ramandeep.singh.nagi\Documents\CCB_Last_Data\Personal\workspace\MyFramework\pom.xml.
2019-03-21 12:31:49,822 [Worker-123] WARN  o.e.m.c.i.embedder.EclipseLogger - Using platform encoding (Cp1252 actually) to copy filtered resources, i.e. build is platform dependent!
2019-03-21 12:31:49,824 [Worker-123] INFO  o.e.m.c.i.embedder.EclipseLogger - Copying 0 resource
2019-03-21 12:31:49,827 [Worker-123] WARN  o.e.m.c.i.embedder.EclipseLogger - Using platform encoding (Cp1252 actually) to copy filtered resources, i.e. build is platform dependent!
2019-03-21 12:31:49,828 [Worker-123] INFO  o.e.m.c.i.embedder.EclipseLogger - Copying 0 resource
2019-03-21 12:36:07,786 [Worker-128] INFO  o.e.m.c.i.p.ProjectConfigurationManager - Update started
2019-03-21 12:36:10,169 [Worker-128] INFO  o.e.m.c.i.l.LifecycleMappingFactory - Using org.eclipse.m2e.jdt.JarLifecycleMapping lifecycle mapping for MavenProject: com.practice.NewFramework:MyFramework:0.0.1-SNAPSHOT @ C:\Users\ramandeep.singh.nagi\Documents\CCB_Last_Data\Personal\workspace\MyFramework\pom.xml.
2019-03-21 12:36:11,187 [Worker-128] INFO  o.e.m.c.i.l.LifecycleMappingFactory - Using org.eclipse.m2e.jdt.JarLifecycleMapping lifecycle mapping for MavenProject: com.my.tasks:Ramandeep2008Singh:0.0.1-SNAPSHOT @ C:\Users\ramandeep.singh.nagi\git\MyProjects\MyProjects\pom.xml.
2019-03-21 12:36:12,440 [Worker-128] WARN  o.e.m.c.i.embedder.EclipseLogger - The artifact org.apache.commons:commons-io:jar:1.3.2 has been relocated to commons-io:commons-io:jar:1.3.2
2019-03-21 12:36:14,168 [Worker-128] INFO  o.e.m.j.i.AbstractJavaProjectConfigurator - Adding source folder /MyFramework/src/main/java
2019-03-21 12:36:14,169 [Worker-128] INFO  o.e.m.j.i.AbstractJavaProjectConfigurator - Adding resource folder /MyFramework/src/main/resources
2019-03-21 12:36:14,169 [Worker-128] INFO  o.e.m.j.i.AbstractJavaProjectConfigurator - Adding source folder /MyFramework/src/test/java
2019-03-21 12:36:14,170 [Worker-128] INFO  o.e.m.j.i.AbstractJavaProjectConfigurator - Adding resource folder /MyFramework/src/test/resources
2019-03-21 12:36:14,533 [Worker-128] INFO  o.e.m.c.i.p.ProjectConfigurationManager - Update completed: 6 sec
2019-03-21 12:36:15,402 [Worker-128] WARN  o.e.m.c.i.embedder.EclipseLogger - Using platform encoding (Cp1252 actually) to copy filtered resources, i.e. build is platform dependent!
2019-03-21 12:36:15,404 [Worker-128] INFO  o.e.m.c.i.embedder.EclipseLogger - Copying 0 resource
2019-03-21 12:36:15,408 [Worker-128] WARN  o.e.m.c.i.embedder.EclipseLogger - Using platform encoding (Cp1252 actually) to copy filtered resources, i.e. build is platform dependent!
2019-03-21 12:36:15,410 [Worker-128] INFO  o.e.m.c.i.embedder.EclipseLogger - Copying 0 resource
2019-03-21 12:36:17,062 [Worker-128] WARN  o.e.m.c.i.embedder.EclipseLogger - The artifact org.apache.commons:commons-io:jar:1.3.2 has been relocated to commons-io:commons-io:jar:1.3.2
2019-03-21 12:36:17,346 [Worker-128] WARN  o.e.m.c.i.embedder.EclipseLogger - Using platform encoding (Cp1252 actually) to copy filtered resources, i.e. build is platform dependent!
2019-03-21 12:36:17,348 [Worker-128] INFO  o.e.m.c.i.embedder.EclipseLogger - Copying 0 resource
2019-03-21 12:36:17,350 [Worker-128] WARN  o.e.m.c.i.embedder.EclipseLogger - Using platform encoding (Cp1252 actually) to copy filtered resources, i.e. build is platform dependent!
2019-03-21 12:36:17,351 [Worker-128] INFO  o.e.m.c.i.embedder.EclipseLogger - skip non existing resourceDirectory C:\Users\ramandeep.singh.nagi\git\MyProjects\MyProjects\src\test\resources
2019-03-21 12:42:22,756 [Worker-138] WARN  o.e.m.c.i.embedder.EclipseLogger - Using platform encoding (Cp1252 actually) to copy filtered resources, i.e. build is platform dependent!
2019-03-21 12:42:22,759 [Worker-138] INFO  o.e.m.c.i.embedder.EclipseLogger - Copying 0 resource
2019-03-21 12:42:22,761 [Worker-138] WARN  o.e.m.c.i.embedder.EclipseLogger - Using platform encoding (Cp1252 actually) to copy filtered resources, i.e. build is platform dependent!
2019-03-21 12:42:22,763 [Worker-138] INFO  o.e.m.c.i.embedder.EclipseLogger - Copying 0 resource
2019-03-21 12:42:44,935 [Worker-135] WARN  o.e.m.c.i.embedder.EclipseLogger - Using platform encoding (Cp1252 actually) to copy filtered resources, i.e. build is platform dependent!
2019-03-21 12:42:44,937 [Worker-135] INFO  o.e.m.c.i.embedder.EclipseLogger - Copying 0 resource
2019-03-21 12:42:44,939 [Worker-135] WARN  o.e.m.c.i.embedder.EclipseLogger - Using platform encoding (Cp1252 actually) to copy filtered resources, i.e. build is platform dependent!
2019-03-21 12:42:44,941 [Worker-135] INFO  o.e.m.c.i.embedder.EclipseLogger - Copying 0 resource
2019-03-21 13:03:48,807 [Worker-201] INFO  o.e.m.c.i.p.ProjectConfigurationManager - Update started
2019-03-21 13:03:50,135 [Worker-201] INFO  o.e.m.c.i.l.LifecycleMappingFactory - Using org.eclipse.m2e.jdt.JarLifecycleMapping lifecycle mapping for MavenProject: com.practice.NewFramework:MyFramework:0.0.1-SNAPSHOT @ C:\Users\ramandeep.singh.nagi\Documents\CCB_Last_Data\Personal\workspace\MyFramework\pom.xml.
2019-03-21 13:03:50,807 [Worker-201] INFO  o.e.m.c.i.l.LifecycleMappingFactory - Using org.eclipse.m2e.jdt.JarLifecycleMapping lifecycle mapping for MavenProject: com.my.tasks:Ramandeep2008Singh:0.0.1-SNAPSHOT @ C:\Users\ramandeep.singh.nagi\git\MyProjects\MyProjects\pom.xml.
2019-03-21 13:03:51,274 [Worker-201] WARN  o.e.m.c.i.embedder.EclipseLogger - The artifact org.apache.commons:commons-io:jar:1.3.2 has been relocated to commons-io:commons-io:jar:1.3.2
2019-03-21 13:03:52,449 [Worker-201] INFO  o.e.m.j.i.AbstractJavaProjectConfigurator - Adding source folder /MyFramework/src/main/java
2019-03-21 13:03:52,449 [Worker-201] INFO  o.e.m.j.i.AbstractJavaProjectConfigurator - Adding resource folder /MyFramework/src/main/resources
2019-03-21 13:03:52,451 [Worker-201] INFO  o.e.m.j.i.AbstractJavaProjectConfigurator - Adding source folder /MyFramework/src/test/java
2019-03-21 13:03:52,451 [Worker-201] INFO  o.e.m.j.i.AbstractJavaProjectConfigurator - Adding resource folder /MyFramework/src/test/resources
2019-03-21 13:03:52,796 [Worker-201] INFO  o.e.m.c.i.p.ProjectConfigurationManager - Update completed: 3 sec
2019-03-21 13:03:53,823 [Worker-205] WARN  o.e.m.c.i.embedder.EclipseLogger - Using platform encoding (Cp1252 actually) to copy filtered resources, i.e. build is platform dependent!
2019-03-21 13:03:53,826 [Worker-205] INFO  o.e.m.c.i.embedder.EclipseLogger - Copying 0 resource
2019-03-21 13:03:53,830 [Worker-205] WARN  o.e.m.c.i.embedder.EclipseLogger - Using platform encoding (Cp1252 actually) to copy filtered resources, i.e. build is platform dependent!
2019-03-21 13:03:53,832 [Worker-205] INFO  o.e.m.c.i.embedder.EclipseLogger - Copying 0 resource
2019-03-21 13:03:55,487 [Worker-205] WARN  o.e.m.c.i.embedder.EclipseLogger - The artifact org.apache.commons:commons-io:jar:1.3.2 has been relocated to commons-io:commons-io:jar:1.3.2
2019-03-21 13:03:55,741 [Worker-205] WARN  o.e.m.c.i.embedder.EclipseLogger - Using platform encoding (Cp1252 actually) to copy filtered resources, i.e. build is platform dependent!
2019-03-21 13:03:55,744 [Worker-205] INFO  o.e.m.c.i.embedder.EclipseLogger - Copying 0 resource
2019-03-21 13:03:55,746 [Worker-205] WARN  o.e.m.c.i.embedder.EclipseLogger - Using platform encoding (Cp1252 actually) to copy filtered resources, i.e. build is platform dependent!
2019-03-21 13:03:55,747 [Worker-205] INFO  o.e.m.c.i.embedder.EclipseLogger - skip non existing resourceDirectory C:\Users\ramandeep.singh.nagi\git\MyProjects\MyProjects\src\test\resources
2019-03-21 13:34:53,090 [Worker-221] WARN  o.e.m.c.i.embedder.EclipseLogger - Using platform encoding (Cp1252 actually) to copy filtered resources, i.e. build is platform dependent!
2019-03-21 13:34:53,093 [Worker-221] INFO  o.e.m.c.i.embedder.EclipseLogger - Copying 0 resource
2019-03-21 13:34:53,096 [Worker-221] WARN  o.e.m.c.i.embedder.EclipseLogger - Using platform encoding (Cp1252 actually) to copy filtered resources, i.e. build is platform dependent!
2019-03-21 13:34:53,098 [Worker-221] INFO  o.e.m.c.i.embedder.EclipseLogger - Copying 0 resource
